<?xml version="1.0" encoding="UTF-8"?>
<!-- Generated by org.testng.reporters.JUnitReportReporter -->
<testsuite hostname="LAPTOP-875IOAS1" failures="0" tests="2" name="TestNGPractice.Annotations" time="0.011" errors="0" timestamp="2023-09-20T11:13:55 IST" skipped="0">
  <testcase classname="TestNGPractice.Annotations" name="Test1" time="0.004"/>
  <system-out/>
  <testcase classname="TestNGPractice.Annotations" name="MethodTest" time="0.007"/>
  <system-out/>
</testsuite> <!-- TestNGPractice.Annotations -->
