<?xml version="1.0" encoding="UTF-8"?>
<!-- Generated by org.testng.reporters.JUnitReportReporter -->
<testsuite hostname="LAPTOP-875IOAS1" failures="0" tests="2" name="AllConcepts.TestNGSample" time="0.010" errors="0" timestamp="2023-01-03T07:24:53 IST" skipped="0">
  <testcase classname="AllConcepts.TestNGSample" name="Test2" time="0.008"/>
  <system-out/>
  <testcase classname="AllConcepts.TestNGSample" name="Test1" time="0.002"/>
  <system-out/>
</testsuite> <!-- AllConcepts.TestNGSample -->
